<?xml version="1.0" encoding="UTF-8"?>
<!-- Generated by org.testng.reporters.JUnitReportReporter -->
<testsuite hostname="DESKTOP-HQIM06O" name="com.bigbom.testcase.LoginScript2" tests="11" failures="0" timestamp="30 Sep 2019 08:58:07 GMT" time="73.118" errors="0">
  <testcase name="TC_AT28_SignInWithEmailInCorrectAndPasswordIncorrect" time="4.352" classname="com.bigbom.testcase.LoginScript2"/>
  <testcase name="TC_AT24_CheckValidInputEmail" time="14.883" classname="com.bigbom.testcase.LoginScript2"/>
  <testcase name="TC_AT19_OpenAndClosePopupGG" time="11.400" classname="com.bigbom.testcase.LoginScript2"/>
  <testcase name="TC_AT25_CheckValidInputPassword" time="2.946" classname="com.bigbom.testcase.LoginScript2"/>
  <testcase name="TC_AT27_SignInWithEmailCorrectAndPasswordIncorrect" time="4.384" classname="com.bigbom.testcase.LoginScript2"/>
  <testcase name="TC_AT26_SignInWithEmailIncorrectAndPasswordCorrect" time="4.427" classname="com.bigbom.testcase.LoginScript2"/>
  <testcase name="TC_AT29_SignInWithEmailNotVerify" time="8.573" classname="com.bigbom.testcase.LoginScript2"/>
  <testcase name="TC_AT22_SignInAccountHadSignUp" time="3.590" classname="com.bigbom.testcase.LoginScript2"/>
  <testcase name="TC_AT30_SignInWithEmailICorrectAndPasswordIncorrect" time="4.426" classname="com.bigbom.testcase.LoginScript2"/>
  <testcase name="TC_AT20_OpenAndClosePopupFB" time="8.355" classname="com.bigbom.testcase.LoginScript2"/>
  <testcase name="TC_AT23_SignInDontInputEmailAndPassword" time="5.782" classname="com.bigbom.testcase.LoginScript2"/>
</testsuite> <!-- com.bigbom.testcase.LoginScript2 -->
