<?xml version="1.0" encoding="UTF-8"?>
<!-- Generated by org.testng.reporters.JUnitReportReporter -->
<testsuite hostname="DESKTOP-HQIM06O" name="com.bigbom.testcase.LoginScript" tests="1" failures="0" timestamp="30 Sep 2019 11:09:07 GMT" time="2.524" errors="0">
  <testcase name="TC_AT30_SignInWithEmailPasswordVerifySignupPage" time="2.524" classname="com.bigbom.testcase.LoginScript"/>
</testsuite> <!-- com.bigbom.testcase.LoginScript -->
