<?xml version="1.0" encoding="UTF-8"?>
<!-- Generated by org.testng.reporters.JUnitReportReporter -->
<testsuite hostname="DESKTOP-HQIM06O" name="com.bigbom.testcase.SignupScript" tests="12" failures="0" timestamp="1 Oct 2019 03:32:18 GMT" time="16.845" errors="0">
  <testcase name="TC_AT10_VerifyOtpMustNumber" time="0.375" classname="com.bigbom.testcase.SignupScript"/>
  <testcase name="TC_AT01_getCurrentUrl" time="0.015" classname="com.bigbom.testcase.SignupScript"/>
  <testcase name="TC_AT08_SignupNewAcount" time="2.338" classname="com.bigbom.testcase.SignupScript"/>
  <testcase name="TC_AT12_OpenNewTab" time="7.588" classname="com.bigbom.testcase.SignupScript"/>
  <testcase name="TC_AT07_SignupWithEmailAlready" time="0.858" classname="com.bigbom.testcase.SignupScript"/>
  <testcase name="TC_AT09_GoToPageVerifyAcount" time="0.600" classname="com.bigbom.testcase.SignupScript"/>
  <testcase name="TC_AT06_VerifyDisplayButtonSignup" time="0.149" classname="com.bigbom.testcase.SignupScript"/>
  <testcase name="TC_AT04_CheckValidatePasswordFields" time="0.653" classname="com.bigbom.testcase.SignupScript"/>
  <testcase name="TC_AT05_CheckValidateNumberPhoneFields" time="0.457" classname="com.bigbom.testcase.SignupScript"/>
  <testcase name="TC_AT02_InputAllEmptyFieldsVerifyNotDisplayButton" time="0.387" classname="com.bigbom.testcase.SignupScript"/>
  <testcase name="TC_AT11_VerifyOtpInvalid" time="0.935" classname="com.bigbom.testcase.SignupScript"/>
  <testcase name="TC_AT03_CheckValidateEmailFields" time="2.490" classname="com.bigbom.testcase.SignupScript"/>
</testsuite> <!-- com.bigbom.testcase.SignupScript -->
